Arguments: 
  /Users/dringb/.nvm/versions/node/v8.6.0/bin/node /usr/local/Cellar/yarn/1.5.1/libexec/bin/yarn.js run-script format

PATH: 
  /usr/local/opt/mongodb@3.4/bin:/Users/dringb/.rvm/gems/ruby-2.4.1/bin:/Users/dringb/.rvm/gems/ruby-2.4.1@global/bin:/Users/dringb/.rvm/rubies/ruby-2.4.1/bin:/Users/dringb/.nvm/versions/node/v8.6.0/bin:/usr/local/bin:/usr/bin:/bin:/usr/sbin:/sbin:/usr/local/share/dotnet:/Library/Frameworks/Mono.framework/Versions/Current/Commands:/Applications/Wireshark.app/Contents/MacOS:/usr/local/opt/mongodb@3.4/bin:/Users/dringb/.rvm/gems/ruby-2.4.1/bin:/Users/dringb/.rvm/gems/ruby-2.4.1@global/bin:/Users/dringb/.rvm/rubies/ruby-2.4.1/bin:/usr/local/sbin:/Users/dringb/.rvm/bin:/usr/local/sbin

Yarn version: 
  1.5.1

Node version: 
  8.6.0

Platform: 
  darwin x64

npm manifest: 
  {
     "name": "test",
     "version": "1.0.0",
     "description": "",
     "main": "server.js",
     "scripts": {
        "test": "mocha test/**/*.js",
        "start": "node server.js"
     },
     "author": "",
     "license": "ISC",
     "dependencies": {
        "assert": "^1.4.1",
        "body-parser": "^1.18.2",
        "chai": "^4.1.2",
        "express": "^4.16.2",
        "express-validator": "^4.3.0",
        "lodash": "^4.17.4",
        "mocha": "^4.0.1",
        "mongodb": "^3.0.0-rc0",
        "socket.io": "^2.0.4",
        "socket.io-emitter": "^3.1.1"
     }
  }

yarn manifest: 
  No manifest

Lockfile: 
  No lockfile

Trace: 
  Error: Command "run-script" not found.
      at new MessageError (/usr/local/Cellar/yarn/1.5.1/libexec/lib/cli.js:186:110)
      at /usr/local/Cellar/yarn/1.5.1/libexec/lib/cli.js:87307:17
      at Generator.next (<anonymous>)
      at step (/usr/local/Cellar/yarn/1.5.1/libexec/lib/cli.js:98:30)
      at /usr/local/Cellar/yarn/1.5.1/libexec/lib/cli.js:116:14
      at Promise (<anonymous>)
      at F (/usr/local/Cellar/yarn/1.5.1/libexec/lib/cli.js:23451:28)
      at /usr/local/Cellar/yarn/1.5.1/libexec/lib/cli.js:95:12
      at runCommand (/usr/local/Cellar/yarn/1.5.1/libexec/lib/cli.js:87312:22)
      at Object.<anonymous> (/usr/local/Cellar/yarn/1.5.1/libexec/lib/cli.js:87412:14)
